mode: atomic
cerberus-go-client/api/types.go:62.39,64.2 1 1
cerberus-go-client/utils/http.go:10.61,15.2 4 0
cerberus-go-client/utils/http.go:17.39,18.30 1 0
cerberus-go-client/utils/http.go:24.2,24.26 1 0
cerberus-go-client/utils/http.go:18.30,23.3 4 0
cerberus-go-client/utils/http.go:32.118,33.15 1 0
cerberus-go-client/utils/http.go:36.2,36.71 1 0
cerberus-go-client/utils/http.go:33.15,35.3 1 0
cerberus-go-client/utils/http.go:39.94,40.29 1 0
cerberus-go-client/utils/http.go:43.2,44.28 2 0
cerberus-go-client/utils/http.go:40.29,42.3 1 0
cerberus-go-client/utils/http.go:48.55,49.44 1 0
cerberus-go-client/utils/http.go:52.2,52.16 1 0
cerberus-go-client/utils/http.go:49.44,51.3 1 0
cerberus-go-client/utils/utils.go:32.52,34.16 2 4
cerberus-go-client/utils/utils.go:38.2,38.23 1 3
cerberus-go-client/utils/utils.go:41.2,41.27 1 2
cerberus-go-client/utils/utils.go:44.2,44.20 1 1
cerberus-go-client/utils/utils.go:34.16,36.3 1 1
cerberus-go-client/utils/utils.go:38.23,40.3 1 1
cerberus-go-client/utils/utils.go:41.27,43.3 1 1
cerberus-go-client/utils/utils.go:48.72,49.91 1 5
cerberus-go-client/utils/utils.go:52.2,52.38 1 3
cerberus-go-client/utils/utils.go:55.2,58.16 4 2
cerberus-go-client/utils/utils.go:61.2,61.15 1 1
cerberus-go-client/utils/utils.go:49.91,51.3 1 2
cerberus-go-client/utils/utils.go:52.38,54.3 1 1
cerberus-go-client/utils/utils.go:58.16,60.3 1 1
cerberus-go-client/utils/utils.go:68.39,70.59 2 3
cerberus-go-client/utils/utils.go:79.2,79.26 1 1
cerberus-go-client/utils/utils.go:82.2,82.15 1 1
cerberus-go-client/utils/utils.go:70.59,72.20 1 2
cerberus-go-client/utils/utils.go:75.3,75.71 1 1
cerberus-go-client/utils/utils.go:72.20,74.4 1 1
cerberus-go-client/utils/utils.go:79.26,81.3 1 0
cerberus-go-client/auth/token.go:40.66,42.27 1 19
cerberus-go-client/auth/token.go:45.2,45.21 1 18
cerberus-go-client/auth/token.go:50.2,51.16 2 17
cerberus-go-client/auth/token.go:54.2,62.8 5 16
cerberus-go-client/auth/token.go:42.27,44.3 1 1
cerberus-go-client/auth/token.go:45.21,47.3 1 1
cerberus-go-client/auth/token.go:51.16,53.3 1 1
cerberus-go-client/auth/token.go:68.58,69.26 1 2
cerberus-go-client/auth/token.go:72.2,72.21 1 1
cerberus-go-client/auth/token.go:69.26,71.3 1 1
cerberus-go-client/auth/token.go:77.44,79.2 1 12
cerberus-go-client/auth/token.go:82.37,83.26 1 3
cerberus-go-client/auth/token.go:86.2,87.16 2 2
cerberus-go-client/auth/token.go:90.2,92.12 3 1
cerberus-go-client/auth/token.go:83.26,85.3 1 1
cerberus-go-client/auth/token.go:87.16,89.3 1 1
cerberus-go-client/auth/token.go:96.36,97.26 1 3
cerberus-go-client/auth/token.go:101.2,101.54 1 2
cerberus-go-client/auth/token.go:105.2,107.12 3 1
cerberus-go-client/auth/token.go:97.26,99.3 1 1
cerberus-go-client/auth/token.go:101.54,103.3 1 1
cerberus-go-client/auth/token.go:112.55,113.26 1 2
cerberus-go-client/auth/token.go:116.2,116.23 1 1
cerberus-go-client/auth/token.go:113.26,115.3 1 1
cerberus-go-client/auth/token.go:120.39,122.2 1 2
cerberus-go-client/auth/token.go:125.52,127.2 1 2
cerberus-go-client/auth/auth.go:61.84,64.16 3 5
cerberus-go-client/auth/auth.go:67.2,69.16 3 5
cerberus-go-client/auth/auth.go:72.2,73.21 2 4
cerberus-go-client/auth/auth.go:76.2,76.15 1 2
cerberus-go-client/auth/auth.go:64.16,66.3 1 0
cerberus-go-client/auth/auth.go:69.16,71.3 1 1
cerberus-go-client/auth/auth.go:73.21,75.3 1 2
cerberus-go-client/auth/auth.go:80.58,83.16 3 7
cerberus-go-client/auth/auth.go:86.2,88.16 3 7
cerberus-go-client/auth/auth.go:91.2,91.45 1 6
cerberus-go-client/auth/auth.go:94.2,94.12 1 3
cerberus-go-client/auth/auth.go:83.16,85.3 1 0
cerberus-go-client/auth/auth.go:88.16,90.3 1 1
cerberus-go-client/auth/auth.go:91.45,93.3 1 3
cerberus-go-client/auth/sts.go:47.63,48.22 1 28
cerberus-go-client/auth/sts.go:51.2,51.27 1 27
cerberus-go-client/auth/sts.go:54.2,55.16 2 26
cerberus-go-client/auth/sts.go:58.2,58.16 1 25
cerberus-go-client/auth/sts.go:61.2,67.8 1 25
cerberus-go-client/auth/sts.go:48.22,50.3 1 1
cerberus-go-client/auth/sts.go:51.27,53.3 1 1
cerberus-go-client/auth/sts.go:55.16,57.3 1 1
cerberus-go-client/auth/sts.go:58.16,60.3 1 0
cerberus-go-client/auth/sts.go:72.54,73.25 1 7
cerberus-go-client/auth/sts.go:76.2,77.21 2 6
cerberus-go-client/auth/sts.go:73.25,75.3 1 1
cerberus-go-client/auth/sts.go:82.50,83.22 1 2
cerberus-go-client/auth/sts.go:86.2,86.56 1 1
cerberus-go-client/auth/sts.go:83.22,85.3 1 1
cerberus-go-client/auth/sts.go:89.40,95.16 5 6
cerberus-go-client/auth/sts.go:99.2,100.16 2 6
cerberus-go-client/auth/sts.go:103.2,103.28 1 5
cerberus-go-client/auth/sts.go:107.2,109.16 3 5
cerberus-go-client/auth/sts.go:112.2,114.99 2 5
cerberus-go-client/auth/sts.go:118.2,118.42 1 4
cerberus-go-client/auth/sts.go:123.2,126.17 4 3
cerberus-go-client/auth/sts.go:130.2,133.12 4 2
cerberus-go-client/auth/sts.go:95.16,97.3 1 0
cerberus-go-client/auth/sts.go:100.16,102.3 1 1
cerberus-go-client/auth/sts.go:103.28,105.3 1 10
cerberus-go-client/auth/sts.go:109.16,111.3 1 0
cerberus-go-client/auth/sts.go:114.99,117.3 1 1
cerberus-go-client/auth/sts.go:118.42,121.3 2 1
cerberus-go-client/auth/sts.go:126.17,128.3 1 1
cerberus-go-client/auth/sts.go:137.42,139.2 1 15
cerberus-go-client/auth/sts.go:142.35,143.26 1 1
cerberus-go-client/auth/sts.go:154.2,154.25 1 0
cerberus-go-client/auth/sts.go:143.26,145.3 1 1
cerberus-go-client/auth/sts.go:159.34,160.26 1 3
cerberus-go-client/auth/sts.go:164.2,164.54 1 2
cerberus-go-client/auth/sts.go:168.2,170.12 3 1
cerberus-go-client/auth/sts.go:160.26,162.3 1 1
cerberus-go-client/auth/sts.go:164.54,166.3 1 1
cerberus-go-client/auth/sts.go:175.53,176.26 1 2
cerberus-go-client/auth/sts.go:179.2,179.23 1 1
cerberus-go-client/auth/sts.go:176.26,178.3 1 1
cerberus-go-client/auth/sts.go:183.37,185.2 1 2
cerberus-go-client/auth/sts.go:188.39,191.2 2 9
cerberus-go-client/auth/sts.go:194.35,197.16 3 9
cerberus-go-client/auth/sts.go:200.2,201.20 2 9
cerberus-go-client/auth/sts.go:197.16,199.3 1 0
cerberus-go-client/auth/sts.go:205.52,212.16 5 12
cerberus-go-client/auth/sts.go:216.2,218.41 3 9
cerberus-go-client/auth/sts.go:221.2,222.21 2 9
cerberus-go-client/auth/sts.go:212.16,215.3 1 3
cerberus-go-client/auth/sts.go:218.41,220.3 1 2
cerberus-go-client/auth/sts.go:226.47,228.20 2 8
cerberus-go-client/auth/sts.go:231.2,232.19 2 8
cerberus-go-client/auth/sts.go:235.2,239.22 4 6
cerberus-go-client/auth/sts.go:242.2,242.28 1 6
cerberus-go-client/auth/sts.go:228.20,230.3 1 0
cerberus-go-client/auth/sts.go:232.19,234.3 1 2
cerberus-go-client/auth/sts.go:239.22,241.3 1 0
cerberus-go-client/cerberus/secret.go:35.61,37.2 1 0
cerberus-go-client/cerberus/secret.go:40.59,42.2 1 0
cerberus-go-client/cerberus/secret.go:45.59,47.2 1 0
cerberus-go-client/cerberus/secret.go:50.89,52.2 1 0
cerberus-go-client/cerberus/securefile.go:39.78,47.17 2 3
cerberus-go-client/cerberus/securefile.go:50.2,50.16 1 3
cerberus-go-client/cerberus/securefile.go:54.2,54.38 1 2
cerberus-go-client/cerberus/securefile.go:58.2,61.16 3 1
cerberus-go-client/cerberus/securefile.go:64.2,64.17 1 1
cerberus-go-client/cerberus/securefile.go:47.17,49.3 1 2
cerberus-go-client/cerberus/securefile.go:50.16,52.3 1 1
cerberus-go-client/cerberus/securefile.go:54.38,57.3 1 1
cerberus-go-client/cerberus/securefile.go:61.16,63.3 1 0
cerberus-go-client/cerberus/securefile.go:68.73,73.17 2 3
cerberus-go-client/cerberus/securefile.go:76.2,76.16 1 3
cerberus-go-client/cerberus/securefile.go:80.2,80.38 1 2
cerberus-go-client/cerberus/securefile.go:87.2,88.16 2 1
cerberus-go-client/cerberus/securefile.go:92.2,92.12 1 1
cerberus-go-client/cerberus/securefile.go:73.17,75.3 1 2
cerberus-go-client/cerberus/securefile.go:76.16,78.3 1 1
cerberus-go-client/cerberus/securefile.go:80.38,84.3 1 1
cerberus-go-client/cerberus/securefile.go:88.16,90.3 1 0
cerberus-go-client/cerberus/securefile.go:96.91,102.16 4 3
cerberus-go-client/cerberus/securefile.go:106.2,106.48 1 3
cerberus-go-client/cerberus/securefile.go:111.2,114.34 2 3
cerberus-go-client/cerberus/securefile.go:118.2,118.29 1 3
cerberus-go-client/cerberus/securefile.go:102.16,104.3 1 0
cerberus-go-client/cerberus/securefile.go:106.48,108.3 1 0
cerberus-go-client/cerberus/securefile.go:114.34,116.3 1 0
cerberus-go-client/cerberus/securefile.go:122.89,125.16 2 3
cerberus-go-client/cerberus/securefile.go:130.2,135.17 2 3
cerberus-go-client/cerberus/securefile.go:138.2,138.16 1 3
cerberus-go-client/cerberus/securefile.go:143.2,143.45 1 2
cerberus-go-client/cerberus/securefile.go:149.2,149.12 1 1
cerberus-go-client/cerberus/securefile.go:125.16,127.3 1 0
cerberus-go-client/cerberus/securefile.go:135.17,137.3 1 2
cerberus-go-client/cerberus/securefile.go:138.16,140.3 1 1
cerberus-go-client/cerberus/securefile.go:143.45,147.3 1 1
cerberus-go-client/cerberus/category.go:34.52,36.17 2 3
cerberus-go-client/cerberus/category.go:39.2,39.16 1 3
cerberus-go-client/cerberus/category.go:43.2,43.38 1 2
cerberus-go-client/cerberus/category.go:46.2,48.16 3 1
cerberus-go-client/cerberus/category.go:51.2,51.26 1 1
cerberus-go-client/cerberus/category.go:36.17,38.3 1 2
cerberus-go-client/cerberus/category.go:39.16,41.3 1 1
cerberus-go-client/cerberus/category.go:43.38,45.3 1 1
cerberus-go-client/cerberus/category.go:48.16,50.3 1 0
cerberus-go-client/cerberus/cerberus.go:45.73,48.21 2 63
cerberus-go-client/cerberus/cerberus.go:52.2,55.22 4 62
cerberus-go-client/cerberus/cerberus.go:59.2,66.8 2 62
cerberus-go-client/cerberus/cerberus.go:48.21,50.3 1 1
cerberus-go-client/cerberus/cerberus.go:55.22,57.3 1 0
cerberus-go-client/cerberus/cerberus.go:69.112,72.21 2 10
cerberus-go-client/cerberus/cerberus.go:76.2,79.22 4 8
cerberus-go-client/cerberus/cerberus.go:83.2,90.8 2 8
cerberus-go-client/cerberus/cerberus.go:72.21,74.3 1 2
cerberus-go-client/cerberus/cerberus.go:79.22,81.3 1 0
cerberus-go-client/cerberus/cerberus.go:95.29,99.2 1 32
cerberus-go-client/cerberus/cerberus.go:102.35,106.2 1 1
cerberus-go-client/cerberus/cerberus.go:109.31,113.2 1 4
cerberus-go-client/cerberus/cerberus.go:116.39,120.2 1 4
cerberus-go-client/cerberus/cerberus.go:123.39,127.2 1 5
cerberus-go-client/cerberus/cerberus.go:130.43,134.2 1 9
cerberus-go-client/cerberus/cerberus.go:141.143,147.27 4 58
cerberus-go-client/cerberus/cerberus.go:150.2,155.16 5 58
cerberus-go-client/cerberus/cerberus.go:158.2,159.22 2 58
cerberus-go-client/cerberus/cerberus.go:162.2,165.23 2 58
cerberus-go-client/cerberus/cerberus.go:169.2,170.20 2 58
cerberus-go-client/cerberus/cerberus.go:176.2,176.50 1 44
cerberus-go-client/cerberus/cerberus.go:187.2,187.18 1 42
cerberus-go-client/cerberus/cerberus.go:147.27,149.3 1 15
cerberus-go-client/cerberus/cerberus.go:155.16,157.3 1 0
cerberus-go-client/cerberus/cerberus.go:159.22,161.3 1 0
cerberus-go-client/cerberus/cerberus.go:165.23,167.3 1 20
cerberus-go-client/cerberus/cerberus.go:170.20,173.3 1 14
cerberus-go-client/cerberus/cerberus.go:176.50,177.52 1 6
cerberus-go-client/cerberus/cerberus.go:180.3,181.17 2 4
cerberus-go-client/cerberus/cerberus.go:185.3,185.30 1 4
cerberus-go-client/cerberus/cerberus.go:177.52,179.4 1 2
cerberus-go-client/cerberus/cerberus.go:181.17,183.4 1 0
cerberus-go-client/cerberus/cerberus.go:192.117,196.17 3 55
cerberus-go-client/cerberus/cerberus.go:205.2,205.69 1 55
cerberus-go-client/cerberus/cerberus.go:196.17,200.17 4 17
cerberus-go-client/cerberus/cerberus.go:200.17,202.4 1 0
cerberus-go-client/cerberus/cerberus.go:210.60,213.2 1 12
cerberus-go-client/cerberus/metadata.go:41.75,43.21 1 4
cerberus-go-client/cerberus/metadata.go:47.2,51.17 5 4
cerberus-go-client/cerberus/metadata.go:54.2,54.16 1 4
cerberus-go-client/cerberus/metadata.go:59.2,59.46 1 3
cerberus-go-client/cerberus/metadata.go:63.2,63.38 1 2
cerberus-go-client/cerberus/metadata.go:66.2,68.16 3 1
cerberus-go-client/cerberus/metadata.go:71.2,71.26 1 1
cerberus-go-client/cerberus/metadata.go:43.21,45.3 1 4
cerberus-go-client/cerberus/metadata.go:51.17,53.3 1 3
cerberus-go-client/cerberus/metadata.go:54.16,56.3 1 1
cerberus-go-client/cerberus/metadata.go:59.46,62.3 1 1
cerberus-go-client/cerberus/metadata.go:63.38,65.3 1 1
cerberus-go-client/cerberus/metadata.go:68.16,70.3 1 0
cerberus-go-client/cerberus/role.go:34.44,36.17 2 3
cerberus-go-client/cerberus/role.go:39.2,39.16 1 3
cerberus-go-client/cerberus/role.go:43.2,43.38 1 2
cerberus-go-client/cerberus/role.go:46.2,48.16 3 1
cerberus-go-client/cerberus/role.go:51.2,51.22 1 1
cerberus-go-client/cerberus/role.go:36.17,38.3 1 2
cerberus-go-client/cerberus/role.go:39.16,41.3 1 1
cerberus-go-client/cerberus/role.go:43.38,45.3 1 1
cerberus-go-client/cerberus/role.go:48.16,50.3 1 0
cerberus-go-client/cerberus/sdb.go:41.67,42.20 1 5
cerberus-go-client/cerberus/sdb.go:45.2,46.16 2 4
cerberus-go-client/cerberus/sdb.go:49.2,49.27 1 2
cerberus-go-client/cerberus/sdb.go:55.2,55.41 1 1
cerberus-go-client/cerberus/sdb.go:42.20,44.3 1 1
cerberus-go-client/cerberus/sdb.go:46.16,48.3 1 2
cerberus-go-client/cerberus/sdb.go:49.27,50.21 1 3
cerberus-go-client/cerberus/sdb.go:50.21,52.4 1 1
cerberus-go-client/cerberus/sdb.go:60.59,61.18 1 5
cerberus-go-client/cerberus/sdb.go:64.2,66.17 3 4
cerberus-go-client/cerberus/sdb.go:69.2,69.16 1 4
cerberus-go-client/cerberus/sdb.go:73.2,73.44 1 3
cerberus-go-client/cerberus/sdb.go:76.2,76.38 1 2
cerberus-go-client/cerberus/sdb.go:79.2,80.16 2 1
cerberus-go-client/cerberus/sdb.go:83.2,83.25 1 1
cerberus-go-client/cerberus/sdb.go:61.18,63.3 1 1
cerberus-go-client/cerberus/sdb.go:66.17,68.3 1 3
cerberus-go-client/cerberus/sdb.go:69.16,71.3 1 1
cerberus-go-client/cerberus/sdb.go:73.44,75.3 1 1
cerberus-go-client/cerberus/sdb.go:76.38,78.3 1 1
cerberus-go-client/cerberus/sdb.go:80.16,82.3 1 0
cerberus-go-client/cerberus/sdb.go:87.53,90.17 3 7
cerberus-go-client/cerberus/sdb.go:93.2,93.16 1 7
cerberus-go-client/cerberus/sdb.go:97.2,97.38 1 5
cerberus-go-client/cerberus/sdb.go:100.2,101.16 2 3
cerberus-go-client/cerberus/sdb.go:104.2,104.21 1 3
cerberus-go-client/cerberus/sdb.go:90.17,92.3 1 5
cerberus-go-client/cerberus/sdb.go:93.16,95.3 1 2
cerberus-go-client/cerberus/sdb.go:97.38,99.3 1 2
cerberus-go-client/cerberus/sdb.go:101.16,103.3 1 0
cerberus-go-client/cerberus/sdb.go:108.79,112.17 3 5
cerberus-go-client/cerberus/sdb.go:115.2,115.16 1 5
cerberus-go-client/cerberus/sdb.go:119.2,119.46 1 4
cerberus-go-client/cerberus/sdb.go:124.2,124.43 1 3
cerberus-go-client/cerberus/sdb.go:132.2,133.16 2 1
cerberus-go-client/cerberus/sdb.go:136.2,136.24 1 1
cerberus-go-client/cerberus/sdb.go:112.17,114.3 1 4
cerberus-go-client/cerberus/sdb.go:115.16,117.3 1 1
cerberus-go-client/cerberus/sdb.go:119.46,122.3 1 1
cerberus-go-client/cerberus/sdb.go:124.43,126.37 2 2
cerberus-go-client/cerberus/sdb.go:129.3,129.21 1 2
cerberus-go-client/cerberus/sdb.go:126.37,128.4 1 0
cerberus-go-client/cerberus/sdb.go:133.16,135.3 1 0
cerberus-go-client/cerberus/sdb.go:141.94,144.14 2 7
cerberus-go-client/cerberus/sdb.go:147.2,149.17 3 6
cerberus-go-client/cerberus/sdb.go:152.2,152.16 1 6
cerberus-go-client/cerberus/sdb.go:156.2,156.44 1 5
cerberus-go-client/cerberus/sdb.go:159.2,159.46 1 4
cerberus-go-client/cerberus/sdb.go:163.2,163.38 1 3
cerberus-go-client/cerberus/sdb.go:171.2,172.16 2 1
cerberus-go-client/cerberus/sdb.go:175.2,175.25 1 1
cerberus-go-client/cerberus/sdb.go:144.14,146.3 1 1
cerberus-go-client/cerberus/sdb.go:149.17,151.3 1 5
cerberus-go-client/cerberus/sdb.go:152.16,154.3 1 1
cerberus-go-client/cerberus/sdb.go:156.44,158.3 1 1
cerberus-go-client/cerberus/sdb.go:159.46,162.3 1 1
cerberus-go-client/cerberus/sdb.go:163.38,165.37 2 2
cerberus-go-client/cerberus/sdb.go:168.3,168.21 1 2
cerberus-go-client/cerberus/sdb.go:165.37,167.4 1 0
cerberus-go-client/cerberus/sdb.go:172.16,174.3 1 0
cerberus-go-client/cerberus/sdb.go:179.39,182.14 2 6
cerberus-go-client/cerberus/sdb.go:185.2,186.17 2 5
cerberus-go-client/cerberus/sdb.go:189.2,189.16 1 5
cerberus-go-client/cerberus/sdb.go:193.2,193.44 1 4
cerberus-go-client/cerberus/sdb.go:196.2,196.45 1 3
cerberus-go-client/cerberus/sdb.go:203.2,203.12 1 1
cerberus-go-client/cerberus/sdb.go:182.14,184.3 1 1
cerberus-go-client/cerberus/sdb.go:186.17,188.3 1 4
cerberus-go-client/cerberus/sdb.go:189.16,191.3 1 1
cerberus-go-client/cerberus/sdb.go:193.44,195.3 1 1
cerberus-go-client/cerberus/sdb.go:196.45,198.37 2 2
cerberus-go-client/cerberus/sdb.go:201.3,201.16 1 2
cerberus-go-client/cerberus/sdb.go:198.37,200.4 1 0
mode: atomic
cerberus-go-client/api/types.go:62.39,64.2 1 1
cerberus-go-client/utils/http.go:10.61,15.2 4 0
cerberus-go-client/utils/http.go:17.39,18.30 1 0
cerberus-go-client/utils/http.go:24.2,24.26 1 0
cerberus-go-client/utils/http.go:18.30,23.3 4 0
cerberus-go-client/utils/http.go:32.118,33.15 1 0
cerberus-go-client/utils/http.go:36.2,36.71 1 0
cerberus-go-client/utils/http.go:33.15,35.3 1 0
cerberus-go-client/utils/http.go:39.94,40.29 1 0
cerberus-go-client/utils/http.go:43.2,44.28 2 0
cerberus-go-client/utils/http.go:40.29,42.3 1 0
cerberus-go-client/utils/http.go:48.55,49.44 1 0
cerberus-go-client/utils/http.go:52.2,52.16 1 0
cerberus-go-client/utils/http.go:49.44,51.3 1 0
cerberus-go-client/utils/utils.go:32.52,34.16 2 4
cerberus-go-client/utils/utils.go:38.2,38.23 1 3
cerberus-go-client/utils/utils.go:41.2,41.27 1 2
cerberus-go-client/utils/utils.go:44.2,44.20 1 1
cerberus-go-client/utils/utils.go:34.16,36.3 1 1
cerberus-go-client/utils/utils.go:38.23,40.3 1 1
cerberus-go-client/utils/utils.go:41.27,43.3 1 1
cerberus-go-client/utils/utils.go:48.72,49.91 1 5
cerberus-go-client/utils/utils.go:52.2,52.38 1 3
cerberus-go-client/utils/utils.go:55.2,58.16 4 2
cerberus-go-client/utils/utils.go:61.2,61.15 1 1
cerberus-go-client/utils/utils.go:49.91,51.3 1 2
cerberus-go-client/utils/utils.go:52.38,54.3 1 1
cerberus-go-client/utils/utils.go:58.16,60.3 1 1
cerberus-go-client/utils/utils.go:68.39,70.59 2 3
cerberus-go-client/utils/utils.go:79.2,79.26 1 1
cerberus-go-client/utils/utils.go:82.2,82.15 1 1
cerberus-go-client/utils/utils.go:70.59,72.20 1 2
cerberus-go-client/utils/utils.go:75.3,75.71 1 1
cerberus-go-client/utils/utils.go:72.20,74.4 1 1
cerberus-go-client/utils/utils.go:79.26,81.3 1 0
cerberus-go-client/auth/sts.go:47.63,48.22 1 28
cerberus-go-client/auth/sts.go:51.2,51.27 1 27
cerberus-go-client/auth/sts.go:54.2,55.16 2 26
cerberus-go-client/auth/sts.go:58.2,58.16 1 25
cerberus-go-client/auth/sts.go:61.2,67.8 1 25
cerberus-go-client/auth/sts.go:48.22,50.3 1 1
cerberus-go-client/auth/sts.go:51.27,53.3 1 1
cerberus-go-client/auth/sts.go:55.16,57.3 1 1
cerberus-go-client/auth/sts.go:58.16,60.3 1 0
cerberus-go-client/auth/sts.go:72.54,73.25 1 7
cerberus-go-client/auth/sts.go:76.2,77.21 2 6
cerberus-go-client/auth/sts.go:73.25,75.3 1 1
cerberus-go-client/auth/sts.go:82.50,83.22 1 2
cerberus-go-client/auth/sts.go:86.2,86.56 1 1
cerberus-go-client/auth/sts.go:83.22,85.3 1 1
cerberus-go-client/auth/sts.go:89.40,95.16 5 6
cerberus-go-client/auth/sts.go:99.2,100.16 2 6
cerberus-go-client/auth/sts.go:103.2,103.28 1 5
cerberus-go-client/auth/sts.go:107.2,109.16 3 5
cerberus-go-client/auth/sts.go:112.2,114.99 2 5
cerberus-go-client/auth/sts.go:118.2,118.42 1 4
cerberus-go-client/auth/sts.go:123.2,126.17 4 3
cerberus-go-client/auth/sts.go:130.2,133.12 4 2
cerberus-go-client/auth/sts.go:95.16,97.3 1 0
cerberus-go-client/auth/sts.go:100.16,102.3 1 1
cerberus-go-client/auth/sts.go:103.28,105.3 1 10
cerberus-go-client/auth/sts.go:109.16,111.3 1 0
cerberus-go-client/auth/sts.go:114.99,117.3 1 1
cerberus-go-client/auth/sts.go:118.42,121.3 2 1
cerberus-go-client/auth/sts.go:126.17,128.3 1 1
cerberus-go-client/auth/sts.go:137.42,139.2 1 15
cerberus-go-client/auth/sts.go:142.35,143.26 1 1
cerberus-go-client/auth/sts.go:154.2,154.25 1 0
cerberus-go-client/auth/sts.go:143.26,145.3 1 1
cerberus-go-client/auth/sts.go:159.34,160.26 1 3
cerberus-go-client/auth/sts.go:164.2,164.54 1 2
cerberus-go-client/auth/sts.go:168.2,170.12 3 1
cerberus-go-client/auth/sts.go:160.26,162.3 1 1
cerberus-go-client/auth/sts.go:164.54,166.3 1 1
cerberus-go-client/auth/sts.go:175.53,176.26 1 2
cerberus-go-client/auth/sts.go:179.2,179.23 1 1
cerberus-go-client/auth/sts.go:176.26,178.3 1 1
cerberus-go-client/auth/sts.go:183.37,185.2 1 2
cerberus-go-client/auth/sts.go:188.39,191.2 2 9
cerberus-go-client/auth/sts.go:194.35,197.16 3 9
cerberus-go-client/auth/sts.go:200.2,201.20 2 9
cerberus-go-client/auth/sts.go:197.16,199.3 1 0
cerberus-go-client/auth/sts.go:205.52,212.16 5 12
cerberus-go-client/auth/sts.go:216.2,218.41 3 9
cerberus-go-client/auth/sts.go:221.2,222.21 2 9
cerberus-go-client/auth/sts.go:212.16,215.3 1 3
cerberus-go-client/auth/sts.go:218.41,220.3 1 2
cerberus-go-client/auth/sts.go:226.47,228.20 2 8
cerberus-go-client/auth/sts.go:231.2,232.19 2 8
cerberus-go-client/auth/sts.go:235.2,239.22 4 6
cerberus-go-client/auth/sts.go:242.2,242.28 1 6
cerberus-go-client/auth/sts.go:228.20,230.3 1 0
cerberus-go-client/auth/sts.go:232.19,234.3 1 2
cerberus-go-client/auth/sts.go:239.22,241.3 1 0
cerberus-go-client/auth/token.go:40.66,42.27 1 19
cerberus-go-client/auth/token.go:45.2,45.21 1 18
cerberus-go-client/auth/token.go:50.2,51.16 2 17
cerberus-go-client/auth/token.go:54.2,62.8 5 16
cerberus-go-client/auth/token.go:42.27,44.3 1 1
cerberus-go-client/auth/token.go:45.21,47.3 1 1
cerberus-go-client/auth/token.go:51.16,53.3 1 1
cerberus-go-client/auth/token.go:68.58,69.26 1 2
cerberus-go-client/auth/token.go:72.2,72.21 1 1
cerberus-go-client/auth/token.go:69.26,71.3 1 1
cerberus-go-client/auth/token.go:77.44,79.2 1 12
cerberus-go-client/auth/token.go:82.37,83.26 1 3
cerberus-go-client/auth/token.go:86.2,87.16 2 2
cerberus-go-client/auth/token.go:90.2,92.12 3 1
cerberus-go-client/auth/token.go:83.26,85.3 1 1
cerberus-go-client/auth/token.go:87.16,89.3 1 1
cerberus-go-client/auth/token.go:96.36,97.26 1 3
cerberus-go-client/auth/token.go:101.2,101.54 1 2
cerberus-go-client/auth/token.go:105.2,107.12 3 1
cerberus-go-client/auth/token.go:97.26,99.3 1 1
cerberus-go-client/auth/token.go:101.54,103.3 1 1
cerberus-go-client/auth/token.go:112.55,113.26 1 2
cerberus-go-client/auth/token.go:116.2,116.23 1 1
cerberus-go-client/auth/token.go:113.26,115.3 1 1
cerberus-go-client/auth/token.go:120.39,122.2 1 2
cerberus-go-client/auth/token.go:125.52,127.2 1 2
cerberus-go-client/auth/auth.go:61.84,64.16 3 5
cerberus-go-client/auth/auth.go:67.2,69.16 3 5
cerberus-go-client/auth/auth.go:72.2,73.21 2 4
cerberus-go-client/auth/auth.go:76.2,76.15 1 2
cerberus-go-client/auth/auth.go:64.16,66.3 1 0
cerberus-go-client/auth/auth.go:69.16,71.3 1 1
cerberus-go-client/auth/auth.go:73.21,75.3 1 2
cerberus-go-client/auth/auth.go:80.58,83.16 3 7
cerberus-go-client/auth/auth.go:86.2,88.16 3 7
cerberus-go-client/auth/auth.go:91.2,91.45 1 6
cerberus-go-client/auth/auth.go:94.2,94.12 1 3
cerberus-go-client/auth/auth.go:83.16,85.3 1 0
cerberus-go-client/auth/auth.go:88.16,90.3 1 1
cerberus-go-client/auth/auth.go:91.45,93.3 1 3
cerberus-go-client/cerberus/securefile.go:39.78,47.17 2 3
cerberus-go-client/cerberus/securefile.go:50.2,50.16 1 3
cerberus-go-client/cerberus/securefile.go:54.2,54.38 1 2
cerberus-go-client/cerberus/securefile.go:58.2,61.16 3 1
cerberus-go-client/cerberus/securefile.go:64.2,64.17 1 1
cerberus-go-client/cerberus/securefile.go:47.17,49.3 1 2
cerberus-go-client/cerberus/securefile.go:50.16,52.3 1 1
cerberus-go-client/cerberus/securefile.go:54.38,57.3 1 1
cerberus-go-client/cerberus/securefile.go:61.16,63.3 1 0
cerberus-go-client/cerberus/securefile.go:68.73,73.17 2 3
cerberus-go-client/cerberus/securefile.go:76.2,76.16 1 3
cerberus-go-client/cerberus/securefile.go:80.2,80.38 1 2
cerberus-go-client/cerberus/securefile.go:87.2,88.16 2 1
cerberus-go-client/cerberus/securefile.go:92.2,92.12 1 1
cerberus-go-client/cerberus/securefile.go:73.17,75.3 1 2
cerberus-go-client/cerberus/securefile.go:76.16,78.3 1 1
cerberus-go-client/cerberus/securefile.go:80.38,84.3 1 1
cerberus-go-client/cerberus/securefile.go:88.16,90.3 1 0
cerberus-go-client/cerberus/securefile.go:96.91,102.16 4 3
cerberus-go-client/cerberus/securefile.go:106.2,106.48 1 3
cerberus-go-client/cerberus/securefile.go:111.2,114.34 2 3
cerberus-go-client/cerberus/securefile.go:118.2,118.29 1 3
cerberus-go-client/cerberus/securefile.go:102.16,104.3 1 0
cerberus-go-client/cerberus/securefile.go:106.48,108.3 1 0
cerberus-go-client/cerberus/securefile.go:114.34,116.3 1 0
cerberus-go-client/cerberus/securefile.go:122.89,125.16 2 3
cerberus-go-client/cerberus/securefile.go:130.2,135.17 2 3
cerberus-go-client/cerberus/securefile.go:138.2,138.16 1 3
cerberus-go-client/cerberus/securefile.go:143.2,143.45 1 2
cerberus-go-client/cerberus/securefile.go:149.2,149.12 1 1
cerberus-go-client/cerberus/securefile.go:125.16,127.3 1 0
cerberus-go-client/cerberus/securefile.go:135.17,137.3 1 2
cerberus-go-client/cerberus/securefile.go:138.16,140.3 1 1
cerberus-go-client/cerberus/securefile.go:143.45,147.3 1 1
cerberus-go-client/cerberus/category.go:34.52,36.17 2 3
cerberus-go-client/cerberus/category.go:39.2,39.16 1 3
cerberus-go-client/cerberus/category.go:43.2,43.38 1 2
cerberus-go-client/cerberus/category.go:46.2,48.16 3 1
cerberus-go-client/cerberus/category.go:51.2,51.26 1 1
cerberus-go-client/cerberus/category.go:36.17,38.3 1 2
cerberus-go-client/cerberus/category.go:39.16,41.3 1 1
cerberus-go-client/cerberus/category.go:43.38,45.3 1 1
cerberus-go-client/cerberus/category.go:48.16,50.3 1 0
cerberus-go-client/cerberus/cerberus.go:45.73,48.21 2 63
cerberus-go-client/cerberus/cerberus.go:52.2,55.22 4 62
cerberus-go-client/cerberus/cerberus.go:59.2,66.8 2 62
cerberus-go-client/cerberus/cerberus.go:48.21,50.3 1 1
cerberus-go-client/cerberus/cerberus.go:55.22,57.3 1 0
cerberus-go-client/cerberus/cerberus.go:69.112,72.21 2 10
cerberus-go-client/cerberus/cerberus.go:76.2,79.22 4 8
cerberus-go-client/cerberus/cerberus.go:83.2,90.8 2 8
cerberus-go-client/cerberus/cerberus.go:72.21,74.3 1 2
cerberus-go-client/cerberus/cerberus.go:79.22,81.3 1 0
cerberus-go-client/cerberus/cerberus.go:95.29,99.2 1 32
cerberus-go-client/cerberus/cerberus.go:102.35,106.2 1 1
cerberus-go-client/cerberus/cerberus.go:109.31,113.2 1 4
cerberus-go-client/cerberus/cerberus.go:116.39,120.2 1 4
cerberus-go-client/cerberus/cerberus.go:123.39,127.2 1 5
cerberus-go-client/cerberus/cerberus.go:130.43,134.2 1 9
cerberus-go-client/cerberus/cerberus.go:141.143,147.27 4 58
cerberus-go-client/cerberus/cerberus.go:150.2,155.16 5 58
cerberus-go-client/cerberus/cerberus.go:158.2,159.22 2 58
cerberus-go-client/cerberus/cerberus.go:162.2,165.23 2 58
cerberus-go-client/cerberus/cerberus.go:169.2,170.20 2 58
cerberus-go-client/cerberus/cerberus.go:176.2,176.50 1 44
cerberus-go-client/cerberus/cerberus.go:187.2,187.18 1 42
cerberus-go-client/cerberus/cerberus.go:147.27,149.3 1 15
cerberus-go-client/cerberus/cerberus.go:155.16,157.3 1 0
cerberus-go-client/cerberus/cerberus.go:159.22,161.3 1 0
cerberus-go-client/cerberus/cerberus.go:165.23,167.3 1 20
cerberus-go-client/cerberus/cerberus.go:170.20,173.3 1 14
cerberus-go-client/cerberus/cerberus.go:176.50,177.52 1 6
cerberus-go-client/cerberus/cerberus.go:180.3,181.17 2 4
cerberus-go-client/cerberus/cerberus.go:185.3,185.30 1 4
cerberus-go-client/cerberus/cerberus.go:177.52,179.4 1 2
cerberus-go-client/cerberus/cerberus.go:181.17,183.4 1 0
cerberus-go-client/cerberus/cerberus.go:192.117,196.17 3 55
cerberus-go-client/cerberus/cerberus.go:205.2,205.69 1 55
cerberus-go-client/cerberus/cerberus.go:196.17,200.17 4 17
cerberus-go-client/cerberus/cerberus.go:200.17,202.4 1 0
cerberus-go-client/cerberus/cerberus.go:210.60,213.2 1 12
cerberus-go-client/cerberus/metadata.go:41.75,43.21 1 4
cerberus-go-client/cerberus/metadata.go:47.2,51.17 5 4
cerberus-go-client/cerberus/metadata.go:54.2,54.16 1 4
cerberus-go-client/cerberus/metadata.go:59.2,59.46 1 3
cerberus-go-client/cerberus/metadata.go:63.2,63.38 1 2
cerberus-go-client/cerberus/metadata.go:66.2,68.16 3 1
cerberus-go-client/cerberus/metadata.go:71.2,71.26 1 1
cerberus-go-client/cerberus/metadata.go:43.21,45.3 1 4
cerberus-go-client/cerberus/metadata.go:51.17,53.3 1 3
cerberus-go-client/cerberus/metadata.go:54.16,56.3 1 1
cerberus-go-client/cerberus/metadata.go:59.46,62.3 1 1
cerberus-go-client/cerberus/metadata.go:63.38,65.3 1 1
cerberus-go-client/cerberus/metadata.go:68.16,70.3 1 0
cerberus-go-client/cerberus/role.go:34.44,36.17 2 3
cerberus-go-client/cerberus/role.go:39.2,39.16 1 3
cerberus-go-client/cerberus/role.go:43.2,43.38 1 2
cerberus-go-client/cerberus/role.go:46.2,48.16 3 1
cerberus-go-client/cerberus/role.go:51.2,51.22 1 1
cerberus-go-client/cerberus/role.go:36.17,38.3 1 2
cerberus-go-client/cerberus/role.go:39.16,41.3 1 1
cerberus-go-client/cerberus/role.go:43.38,45.3 1 1
cerberus-go-client/cerberus/role.go:48.16,50.3 1 0
cerberus-go-client/cerberus/sdb.go:41.67,42.20 1 5
cerberus-go-client/cerberus/sdb.go:45.2,46.16 2 4
cerberus-go-client/cerberus/sdb.go:49.2,49.27 1 2
cerberus-go-client/cerberus/sdb.go:55.2,55.41 1 1
cerberus-go-client/cerberus/sdb.go:42.20,44.3 1 1
cerberus-go-client/cerberus/sdb.go:46.16,48.3 1 2
cerberus-go-client/cerberus/sdb.go:49.27,50.21 1 3
cerberus-go-client/cerberus/sdb.go:50.21,52.4 1 1
cerberus-go-client/cerberus/sdb.go:60.59,61.18 1 5
cerberus-go-client/cerberus/sdb.go:64.2,66.17 3 4
cerberus-go-client/cerberus/sdb.go:69.2,69.16 1 4
cerberus-go-client/cerberus/sdb.go:73.2,73.44 1 3
cerberus-go-client/cerberus/sdb.go:76.2,76.38 1 2
cerberus-go-client/cerberus/sdb.go:79.2,80.16 2 1
cerberus-go-client/cerberus/sdb.go:83.2,83.25 1 1
cerberus-go-client/cerberus/sdb.go:61.18,63.3 1 1
cerberus-go-client/cerberus/sdb.go:66.17,68.3 1 3
cerberus-go-client/cerberus/sdb.go:69.16,71.3 1 1
cerberus-go-client/cerberus/sdb.go:73.44,75.3 1 1
cerberus-go-client/cerberus/sdb.go:76.38,78.3 1 1
cerberus-go-client/cerberus/sdb.go:80.16,82.3 1 0
cerberus-go-client/cerberus/sdb.go:87.53,90.17 3 7
cerberus-go-client/cerberus/sdb.go:93.2,93.16 1 7
cerberus-go-client/cerberus/sdb.go:97.2,97.38 1 5
cerberus-go-client/cerberus/sdb.go:100.2,101.16 2 3
cerberus-go-client/cerberus/sdb.go:104.2,104.21 1 3
cerberus-go-client/cerberus/sdb.go:90.17,92.3 1 5
cerberus-go-client/cerberus/sdb.go:93.16,95.3 1 2
cerberus-go-client/cerberus/sdb.go:97.38,99.3 1 2
cerberus-go-client/cerberus/sdb.go:101.16,103.3 1 0
cerberus-go-client/cerberus/sdb.go:108.79,112.17 3 5
cerberus-go-client/cerberus/sdb.go:115.2,115.16 1 5
cerberus-go-client/cerberus/sdb.go:119.2,119.46 1 4
cerberus-go-client/cerberus/sdb.go:124.2,124.43 1 3
cerberus-go-client/cerberus/sdb.go:132.2,133.16 2 1
cerberus-go-client/cerberus/sdb.go:136.2,136.24 1 1
cerberus-go-client/cerberus/sdb.go:112.17,114.3 1 4
cerberus-go-client/cerberus/sdb.go:115.16,117.3 1 1
cerberus-go-client/cerberus/sdb.go:119.46,122.3 1 1
cerberus-go-client/cerberus/sdb.go:124.43,126.37 2 2
cerberus-go-client/cerberus/sdb.go:129.3,129.21 1 2
cerberus-go-client/cerberus/sdb.go:126.37,128.4 1 0
cerberus-go-client/cerberus/sdb.go:133.16,135.3 1 0
cerberus-go-client/cerberus/sdb.go:141.94,144.14 2 7
cerberus-go-client/cerberus/sdb.go:147.2,149.17 3 6
cerberus-go-client/cerberus/sdb.go:152.2,152.16 1 6
cerberus-go-client/cerberus/sdb.go:156.2,156.44 1 5
cerberus-go-client/cerberus/sdb.go:159.2,159.46 1 4
cerberus-go-client/cerberus/sdb.go:163.2,163.38 1 3
cerberus-go-client/cerberus/sdb.go:171.2,172.16 2 1
cerberus-go-client/cerberus/sdb.go:175.2,175.25 1 1
cerberus-go-client/cerberus/sdb.go:144.14,146.3 1 1
cerberus-go-client/cerberus/sdb.go:149.17,151.3 1 5
cerberus-go-client/cerberus/sdb.go:152.16,154.3 1 1
cerberus-go-client/cerberus/sdb.go:156.44,158.3 1 1
cerberus-go-client/cerberus/sdb.go:159.46,162.3 1 1
cerberus-go-client/cerberus/sdb.go:163.38,165.37 2 2
cerberus-go-client/cerberus/sdb.go:168.3,168.21 1 2
cerberus-go-client/cerberus/sdb.go:165.37,167.4 1 0
cerberus-go-client/cerberus/sdb.go:172.16,174.3 1 0
cerberus-go-client/cerberus/sdb.go:179.39,182.14 2 6
cerberus-go-client/cerberus/sdb.go:185.2,186.17 2 5
cerberus-go-client/cerberus/sdb.go:189.2,189.16 1 5
cerberus-go-client/cerberus/sdb.go:193.2,193.44 1 4
cerberus-go-client/cerberus/sdb.go:196.2,196.45 1 3
cerberus-go-client/cerberus/sdb.go:203.2,203.12 1 1
cerberus-go-client/cerberus/sdb.go:182.14,184.3 1 1
cerberus-go-client/cerberus/sdb.go:186.17,188.3 1 4
cerberus-go-client/cerberus/sdb.go:189.16,191.3 1 1
cerberus-go-client/cerberus/sdb.go:193.44,195.3 1 1
cerberus-go-client/cerberus/sdb.go:196.45,198.37 2 2
cerberus-go-client/cerberus/sdb.go:201.3,201.16 1 2
cerberus-go-client/cerberus/sdb.go:198.37,200.4 1 0
cerberus-go-client/cerberus/secret.go:35.61,37.2 1 0
cerberus-go-client/cerberus/secret.go:40.59,42.2 1 0
cerberus-go-client/cerberus/secret.go:45.59,47.2 1 0
cerberus-go-client/cerberus/secret.go:50.89,52.2 1 0
