mode: atomic
github.com/Nike-Inc/cerberus-go-client/v3/api/types.go:62.39,64.2 1 1
github.com/Nike-Inc/cerberus-go-client/v3/utils/http.go:10.61,15.2 4 0
github.com/Nike-Inc/cerberus-go-client/v3/utils/http.go:17.39,18.30 1 0
github.com/Nike-Inc/cerberus-go-client/v3/utils/http.go:24.2,24.26 1 0
github.com/Nike-Inc/cerberus-go-client/v3/utils/http.go:18.30,23.3 4 0
github.com/Nike-Inc/cerberus-go-client/v3/utils/http.go:32.118,33.15 1 0
github.com/Nike-Inc/cerberus-go-client/v3/utils/http.go:36.2,36.71 1 0
github.com/Nike-Inc/cerberus-go-client/v3/utils/http.go:33.15,35.3 1 0
github.com/Nike-Inc/cerberus-go-client/v3/utils/http.go:39.94,40.29 1 0
github.com/Nike-Inc/cerberus-go-client/v3/utils/http.go:43.2,44.28 2 0
github.com/Nike-Inc/cerberus-go-client/v3/utils/http.go:40.29,42.3 1 0
github.com/Nike-Inc/cerberus-go-client/v3/utils/http.go:48.55,49.44 1 0
github.com/Nike-Inc/cerberus-go-client/v3/utils/http.go:52.2,52.16 1 0
github.com/Nike-Inc/cerberus-go-client/v3/utils/http.go:49.44,51.3 1 0
github.com/Nike-Inc/cerberus-go-client/v3/utils/utils.go:32.52,34.16 2 4
github.com/Nike-Inc/cerberus-go-client/v3/utils/utils.go:38.2,38.23 1 3
github.com/Nike-Inc/cerberus-go-client/v3/utils/utils.go:41.2,41.27 1 2
github.com/Nike-Inc/cerberus-go-client/v3/utils/utils.go:44.2,44.20 1 1
github.com/Nike-Inc/cerberus-go-client/v3/utils/utils.go:34.16,36.3 1 1
github.com/Nike-Inc/cerberus-go-client/v3/utils/utils.go:38.23,40.3 1 1
github.com/Nike-Inc/cerberus-go-client/v3/utils/utils.go:41.27,43.3 1 1
github.com/Nike-Inc/cerberus-go-client/v3/utils/utils.go:48.72,49.91 1 5
github.com/Nike-Inc/cerberus-go-client/v3/utils/utils.go:52.2,52.38 1 3
github.com/Nike-Inc/cerberus-go-client/v3/utils/utils.go:55.2,58.16 4 2
github.com/Nike-Inc/cerberus-go-client/v3/utils/utils.go:61.2,61.15 1 1
github.com/Nike-Inc/cerberus-go-client/v3/utils/utils.go:49.91,51.3 1 2
github.com/Nike-Inc/cerberus-go-client/v3/utils/utils.go:52.38,54.3 1 1
github.com/Nike-Inc/cerberus-go-client/v3/utils/utils.go:58.16,60.3 1 1
github.com/Nike-Inc/cerberus-go-client/v3/utils/utils.go:68.39,70.59 2 3
github.com/Nike-Inc/cerberus-go-client/v3/utils/utils.go:79.2,79.26 1 1
github.com/Nike-Inc/cerberus-go-client/v3/utils/utils.go:82.2,82.15 1 1
github.com/Nike-Inc/cerberus-go-client/v3/utils/utils.go:70.59,72.20 1 2
github.com/Nike-Inc/cerberus-go-client/v3/utils/utils.go:75.3,75.71 1 1
github.com/Nike-Inc/cerberus-go-client/v3/utils/utils.go:72.20,74.4 1 1
github.com/Nike-Inc/cerberus-go-client/v3/utils/utils.go:79.26,81.3 1 0
github.com/Nike-Inc/cerberus-go-client/v3/auth/auth.go:61.84,64.16 3 5
github.com/Nike-Inc/cerberus-go-client/v3/auth/auth.go:67.2,69.16 3 5
github.com/Nike-Inc/cerberus-go-client/v3/auth/auth.go:72.2,73.21 2 4
github.com/Nike-Inc/cerberus-go-client/v3/auth/auth.go:76.2,76.15 1 2
github.com/Nike-Inc/cerberus-go-client/v3/auth/auth.go:64.16,66.3 1 0
github.com/Nike-Inc/cerberus-go-client/v3/auth/auth.go:69.16,71.3 1 1
github.com/Nike-Inc/cerberus-go-client/v3/auth/auth.go:73.21,75.3 1 2
github.com/Nike-Inc/cerberus-go-client/v3/auth/auth.go:80.58,83.16 3 7
github.com/Nike-Inc/cerberus-go-client/v3/auth/auth.go:86.2,88.16 3 7
github.com/Nike-Inc/cerberus-go-client/v3/auth/auth.go:91.2,91.45 1 6
github.com/Nike-Inc/cerberus-go-client/v3/auth/auth.go:94.2,94.12 1 3
github.com/Nike-Inc/cerberus-go-client/v3/auth/auth.go:83.16,85.3 1 0
github.com/Nike-Inc/cerberus-go-client/v3/auth/auth.go:88.16,90.3 1 1
github.com/Nike-Inc/cerberus-go-client/v3/auth/auth.go:91.45,93.3 1 3
github.com/Nike-Inc/cerberus-go-client/v3/auth/sts.go:48.63,49.22 1 28
github.com/Nike-Inc/cerberus-go-client/v3/auth/sts.go:52.2,52.27 1 27
github.com/Nike-Inc/cerberus-go-client/v3/auth/sts.go:55.2,56.16 2 26
github.com/Nike-Inc/cerberus-go-client/v3/auth/sts.go:59.2,59.16 1 25
github.com/Nike-Inc/cerberus-go-client/v3/auth/sts.go:62.2,68.8 1 25
github.com/Nike-Inc/cerberus-go-client/v3/auth/sts.go:49.22,51.3 1 1
github.com/Nike-Inc/cerberus-go-client/v3/auth/sts.go:52.27,54.3 1 1
github.com/Nike-Inc/cerberus-go-client/v3/auth/sts.go:56.16,58.3 1 1
github.com/Nike-Inc/cerberus-go-client/v3/auth/sts.go:59.16,61.3 1 0
github.com/Nike-Inc/cerberus-go-client/v3/auth/sts.go:73.54,74.25 1 7
github.com/Nike-Inc/cerberus-go-client/v3/auth/sts.go:77.2,78.21 2 6
github.com/Nike-Inc/cerberus-go-client/v3/auth/sts.go:74.25,76.3 1 1
github.com/Nike-Inc/cerberus-go-client/v3/auth/sts.go:83.50,84.22 1 2
github.com/Nike-Inc/cerberus-go-client/v3/auth/sts.go:87.2,87.56 1 1
github.com/Nike-Inc/cerberus-go-client/v3/auth/sts.go:84.22,86.3 1 1
github.com/Nike-Inc/cerberus-go-client/v3/auth/sts.go:90.40,96.16 5 6
github.com/Nike-Inc/cerberus-go-client/v3/auth/sts.go:100.2,101.16 2 6
github.com/Nike-Inc/cerberus-go-client/v3/auth/sts.go:104.2,104.28 1 5
github.com/Nike-Inc/cerberus-go-client/v3/auth/sts.go:108.2,110.16 3 5
github.com/Nike-Inc/cerberus-go-client/v3/auth/sts.go:113.2,115.99 2 5
github.com/Nike-Inc/cerberus-go-client/v3/auth/sts.go:119.2,119.42 1 4
github.com/Nike-Inc/cerberus-go-client/v3/auth/sts.go:124.2,127.17 4 3
github.com/Nike-Inc/cerberus-go-client/v3/auth/sts.go:131.2,133.66 3 2
github.com/Nike-Inc/cerberus-go-client/v3/auth/sts.go:138.2,143.12 5 2
github.com/Nike-Inc/cerberus-go-client/v3/auth/sts.go:96.16,98.3 1 0
github.com/Nike-Inc/cerberus-go-client/v3/auth/sts.go:101.16,103.3 1 1
github.com/Nike-Inc/cerberus-go-client/v3/auth/sts.go:104.28,106.3 1 10
github.com/Nike-Inc/cerberus-go-client/v3/auth/sts.go:110.16,112.3 1 0
github.com/Nike-Inc/cerberus-go-client/v3/auth/sts.go:115.99,118.3 1 1
github.com/Nike-Inc/cerberus-go-client/v3/auth/sts.go:119.42,122.3 2 1
github.com/Nike-Inc/cerberus-go-client/v3/auth/sts.go:127.17,129.3 1 1
github.com/Nike-Inc/cerberus-go-client/v3/auth/sts.go:133.66,135.3 1 2
github.com/Nike-Inc/cerberus-go-client/v3/auth/sts.go:135.8,135.59 1 0
github.com/Nike-Inc/cerberus-go-client/v3/auth/sts.go:135.59,137.3 1 0
github.com/Nike-Inc/cerberus-go-client/v3/auth/sts.go:147.42,149.2 1 15
github.com/Nike-Inc/cerberus-go-client/v3/auth/sts.go:152.35,153.26 1 1
github.com/Nike-Inc/cerberus-go-client/v3/auth/sts.go:164.2,164.25 1 0
github.com/Nike-Inc/cerberus-go-client/v3/auth/sts.go:153.26,155.3 1 1
github.com/Nike-Inc/cerberus-go-client/v3/auth/sts.go:169.34,170.26 1 3
github.com/Nike-Inc/cerberus-go-client/v3/auth/sts.go:174.2,174.54 1 2
github.com/Nike-Inc/cerberus-go-client/v3/auth/sts.go:178.2,180.12 3 1
github.com/Nike-Inc/cerberus-go-client/v3/auth/sts.go:170.26,172.3 1 1
github.com/Nike-Inc/cerberus-go-client/v3/auth/sts.go:174.54,176.3 1 1
github.com/Nike-Inc/cerberus-go-client/v3/auth/sts.go:185.53,186.26 1 2
github.com/Nike-Inc/cerberus-go-client/v3/auth/sts.go:189.2,189.23 1 1
github.com/Nike-Inc/cerberus-go-client/v3/auth/sts.go:186.26,188.3 1 1
github.com/Nike-Inc/cerberus-go-client/v3/auth/sts.go:193.37,195.2 1 2
github.com/Nike-Inc/cerberus-go-client/v3/auth/sts.go:198.39,201.2 2 9
github.com/Nike-Inc/cerberus-go-client/v3/auth/sts.go:204.35,207.16 3 9
github.com/Nike-Inc/cerberus-go-client/v3/auth/sts.go:210.2,211.20 2 9
github.com/Nike-Inc/cerberus-go-client/v3/auth/sts.go:207.16,209.3 1 0
github.com/Nike-Inc/cerberus-go-client/v3/auth/sts.go:215.52,222.16 5 12
github.com/Nike-Inc/cerberus-go-client/v3/auth/sts.go:226.2,228.41 3 9
github.com/Nike-Inc/cerberus-go-client/v3/auth/sts.go:231.2,232.21 2 9
github.com/Nike-Inc/cerberus-go-client/v3/auth/sts.go:222.16,225.3 1 3
github.com/Nike-Inc/cerberus-go-client/v3/auth/sts.go:228.41,230.3 1 2
github.com/Nike-Inc/cerberus-go-client/v3/auth/sts.go:236.47,238.20 2 8
github.com/Nike-Inc/cerberus-go-client/v3/auth/sts.go:241.2,242.19 2 8
github.com/Nike-Inc/cerberus-go-client/v3/auth/sts.go:245.2,249.22 4 6
github.com/Nike-Inc/cerberus-go-client/v3/auth/sts.go:252.2,252.28 1 6
github.com/Nike-Inc/cerberus-go-client/v3/auth/sts.go:238.20,240.3 1 0
github.com/Nike-Inc/cerberus-go-client/v3/auth/sts.go:242.19,244.3 1 2
github.com/Nike-Inc/cerberus-go-client/v3/auth/sts.go:249.22,251.3 1 0
github.com/Nike-Inc/cerberus-go-client/v3/auth/token.go:40.66,42.27 1 19
github.com/Nike-Inc/cerberus-go-client/v3/auth/token.go:45.2,45.21 1 18
github.com/Nike-Inc/cerberus-go-client/v3/auth/token.go:50.2,51.16 2 17
github.com/Nike-Inc/cerberus-go-client/v3/auth/token.go:54.2,62.8 5 16
github.com/Nike-Inc/cerberus-go-client/v3/auth/token.go:42.27,44.3 1 1
github.com/Nike-Inc/cerberus-go-client/v3/auth/token.go:45.21,47.3 1 1
github.com/Nike-Inc/cerberus-go-client/v3/auth/token.go:51.16,53.3 1 1
github.com/Nike-Inc/cerberus-go-client/v3/auth/token.go:68.58,69.26 1 2
github.com/Nike-Inc/cerberus-go-client/v3/auth/token.go:72.2,72.21 1 1
github.com/Nike-Inc/cerberus-go-client/v3/auth/token.go:69.26,71.3 1 1
github.com/Nike-Inc/cerberus-go-client/v3/auth/token.go:77.44,79.2 1 12
github.com/Nike-Inc/cerberus-go-client/v3/auth/token.go:82.37,83.26 1 3
github.com/Nike-Inc/cerberus-go-client/v3/auth/token.go:86.2,87.16 2 2
github.com/Nike-Inc/cerberus-go-client/v3/auth/token.go:90.2,92.12 3 1
github.com/Nike-Inc/cerberus-go-client/v3/auth/token.go:83.26,85.3 1 1
github.com/Nike-Inc/cerberus-go-client/v3/auth/token.go:87.16,89.3 1 1
github.com/Nike-Inc/cerberus-go-client/v3/auth/token.go:96.36,97.26 1 3
github.com/Nike-Inc/cerberus-go-client/v3/auth/token.go:101.2,101.54 1 2
github.com/Nike-Inc/cerberus-go-client/v3/auth/token.go:105.2,107.12 3 1
github.com/Nike-Inc/cerberus-go-client/v3/auth/token.go:97.26,99.3 1 1
github.com/Nike-Inc/cerberus-go-client/v3/auth/token.go:101.54,103.3 1 1
github.com/Nike-Inc/cerberus-go-client/v3/auth/token.go:112.55,113.26 1 2
github.com/Nike-Inc/cerberus-go-client/v3/auth/token.go:116.2,116.23 1 1
github.com/Nike-Inc/cerberus-go-client/v3/auth/token.go:113.26,115.3 1 1
github.com/Nike-Inc/cerberus-go-client/v3/auth/token.go:120.39,122.2 1 2
github.com/Nike-Inc/cerberus-go-client/v3/auth/token.go:125.52,127.2 1 2
github.com/Nike-Inc/cerberus-go-client/v3/cerberus/sdb.go:41.67,42.20 1 5
github.com/Nike-Inc/cerberus-go-client/v3/cerberus/sdb.go:45.2,46.16 2 4
github.com/Nike-Inc/cerberus-go-client/v3/cerberus/sdb.go:49.2,49.27 1 2
github.com/Nike-Inc/cerberus-go-client/v3/cerberus/sdb.go:55.2,55.41 1 1
github.com/Nike-Inc/cerberus-go-client/v3/cerberus/sdb.go:42.20,44.3 1 1
github.com/Nike-Inc/cerberus-go-client/v3/cerberus/sdb.go:46.16,48.3 1 2
github.com/Nike-Inc/cerberus-go-client/v3/cerberus/sdb.go:49.27,50.21 1 3
github.com/Nike-Inc/cerberus-go-client/v3/cerberus/sdb.go:50.21,52.4 1 1
github.com/Nike-Inc/cerberus-go-client/v3/cerberus/sdb.go:60.59,61.18 1 5
github.com/Nike-Inc/cerberus-go-client/v3/cerberus/sdb.go:64.2,66.17 3 4
github.com/Nike-Inc/cerberus-go-client/v3/cerberus/sdb.go:69.2,69.16 1 4
github.com/Nike-Inc/cerberus-go-client/v3/cerberus/sdb.go:77.2,77.38 1 2
github.com/Nike-Inc/cerberus-go-client/v3/cerberus/sdb.go:80.2,81.16 2 1
github.com/Nike-Inc/cerberus-go-client/v3/cerberus/sdb.go:84.2,84.25 1 1
github.com/Nike-Inc/cerberus-go-client/v3/cerberus/sdb.go:61.18,63.3 1 1
github.com/Nike-Inc/cerberus-go-client/v3/cerberus/sdb.go:66.17,68.3 1 3
github.com/Nike-Inc/cerberus-go-client/v3/cerberus/sdb.go:69.16,70.18 1 2
github.com/Nike-Inc/cerberus-go-client/v3/cerberus/sdb.go:75.3,75.67 1 1
github.com/Nike-Inc/cerberus-go-client/v3/cerberus/sdb.go:70.18,71.46 1 1
github.com/Nike-Inc/cerberus-go-client/v3/cerberus/sdb.go:71.46,73.5 1 1
github.com/Nike-Inc/cerberus-go-client/v3/cerberus/sdb.go:77.38,79.3 1 1
github.com/Nike-Inc/cerberus-go-client/v3/cerberus/sdb.go:81.16,83.3 1 0
github.com/Nike-Inc/cerberus-go-client/v3/cerberus/sdb.go:88.53,91.17 3 7
github.com/Nike-Inc/cerberus-go-client/v3/cerberus/sdb.go:94.2,94.16 1 7
github.com/Nike-Inc/cerberus-go-client/v3/cerberus/sdb.go:98.2,98.38 1 5
github.com/Nike-Inc/cerberus-go-client/v3/cerberus/sdb.go:101.2,102.16 2 3
github.com/Nike-Inc/cerberus-go-client/v3/cerberus/sdb.go:105.2,105.21 1 3
github.com/Nike-Inc/cerberus-go-client/v3/cerberus/sdb.go:91.17,93.3 1 5
github.com/Nike-Inc/cerberus-go-client/v3/cerberus/sdb.go:94.16,96.3 1 2
github.com/Nike-Inc/cerberus-go-client/v3/cerberus/sdb.go:98.38,100.3 1 2
github.com/Nike-Inc/cerberus-go-client/v3/cerberus/sdb.go:102.16,104.3 1 0
github.com/Nike-Inc/cerberus-go-client/v3/cerberus/sdb.go:109.79,113.17 3 5
github.com/Nike-Inc/cerberus-go-client/v3/cerberus/sdb.go:116.2,116.16 1 5
github.com/Nike-Inc/cerberus-go-client/v3/cerberus/sdb.go:125.2,125.43 1 3
github.com/Nike-Inc/cerberus-go-client/v3/cerberus/sdb.go:133.2,134.16 2 1
github.com/Nike-Inc/cerberus-go-client/v3/cerberus/sdb.go:137.2,137.24 1 1
github.com/Nike-Inc/cerberus-go-client/v3/cerberus/sdb.go:113.17,115.3 1 4
github.com/Nike-Inc/cerberus-go-client/v3/cerberus/sdb.go:116.16,118.62 1 2
github.com/Nike-Inc/cerberus-go-client/v3/cerberus/sdb.go:122.3,122.62 1 1
github.com/Nike-Inc/cerberus-go-client/v3/cerberus/sdb.go:118.62,121.4 1 1
github.com/Nike-Inc/cerberus-go-client/v3/cerberus/sdb.go:125.43,127.37 2 2
github.com/Nike-Inc/cerberus-go-client/v3/cerberus/sdb.go:130.3,130.21 1 2
github.com/Nike-Inc/cerberus-go-client/v3/cerberus/sdb.go:127.37,129.4 1 0
github.com/Nike-Inc/cerberus-go-client/v3/cerberus/sdb.go:134.16,136.3 1 0
github.com/Nike-Inc/cerberus-go-client/v3/cerberus/sdb.go:142.94,145.14 2 7
github.com/Nike-Inc/cerberus-go-client/v3/cerberus/sdb.go:148.2,150.17 3 6
github.com/Nike-Inc/cerberus-go-client/v3/cerberus/sdb.go:153.2,153.16 1 6
github.com/Nike-Inc/cerberus-go-client/v3/cerberus/sdb.go:167.2,167.38 1 3
github.com/Nike-Inc/cerberus-go-client/v3/cerberus/sdb.go:175.2,176.16 2 1
github.com/Nike-Inc/cerberus-go-client/v3/cerberus/sdb.go:179.2,179.25 1 1
github.com/Nike-Inc/cerberus-go-client/v3/cerberus/sdb.go:145.14,147.3 1 1
github.com/Nike-Inc/cerberus-go-client/v3/cerberus/sdb.go:150.17,152.3 1 5
github.com/Nike-Inc/cerberus-go-client/v3/cerberus/sdb.go:153.16,155.18 1 3
github.com/Nike-Inc/cerberus-go-client/v3/cerberus/sdb.go:164.3,164.62 1 1
github.com/Nike-Inc/cerberus-go-client/v3/cerberus/sdb.go:155.18,156.46 1 2
github.com/Nike-Inc/cerberus-go-client/v3/cerberus/sdb.go:159.4,159.48 1 1
github.com/Nike-Inc/cerberus-go-client/v3/cerberus/sdb.go:156.46,158.5 1 1
github.com/Nike-Inc/cerberus-go-client/v3/cerberus/sdb.go:159.48,162.5 1 1
github.com/Nike-Inc/cerberus-go-client/v3/cerberus/sdb.go:167.38,169.37 2 2
github.com/Nike-Inc/cerberus-go-client/v3/cerberus/sdb.go:172.3,172.21 1 2
github.com/Nike-Inc/cerberus-go-client/v3/cerberus/sdb.go:169.37,171.4 1 0
github.com/Nike-Inc/cerberus-go-client/v3/cerberus/sdb.go:176.16,178.3 1 0
github.com/Nike-Inc/cerberus-go-client/v3/cerberus/sdb.go:183.39,186.14 2 6
github.com/Nike-Inc/cerberus-go-client/v3/cerberus/sdb.go:189.2,190.17 2 5
github.com/Nike-Inc/cerberus-go-client/v3/cerberus/sdb.go:193.2,193.16 1 5
github.com/Nike-Inc/cerberus-go-client/v3/cerberus/sdb.go:207.2,207.45 1 2
github.com/Nike-Inc/cerberus-go-client/v3/cerberus/sdb.go:214.2,214.12 1 1
github.com/Nike-Inc/cerberus-go-client/v3/cerberus/sdb.go:186.14,188.3 1 1
github.com/Nike-Inc/cerberus-go-client/v3/cerberus/sdb.go:190.17,192.3 1 4
github.com/Nike-Inc/cerberus-go-client/v3/cerberus/sdb.go:193.16,195.18 1 3
github.com/Nike-Inc/cerberus-go-client/v3/cerberus/sdb.go:205.3,205.57 1 1
github.com/Nike-Inc/cerberus-go-client/v3/cerberus/sdb.go:195.18,196.46 1 2
github.com/Nike-Inc/cerberus-go-client/v3/cerberus/sdb.go:199.4,200.38 2 1
github.com/Nike-Inc/cerberus-go-client/v3/cerberus/sdb.go:203.4,203.17 1 1
github.com/Nike-Inc/cerberus-go-client/v3/cerberus/sdb.go:196.46,198.5 1 1
github.com/Nike-Inc/cerberus-go-client/v3/cerberus/sdb.go:200.38,202.5 1 0
github.com/Nike-Inc/cerberus-go-client/v3/cerberus/sdb.go:207.45,209.37 2 1
github.com/Nike-Inc/cerberus-go-client/v3/cerberus/sdb.go:212.3,212.16 1 1
github.com/Nike-Inc/cerberus-go-client/v3/cerberus/sdb.go:209.37,211.4 1 0
github.com/Nike-Inc/cerberus-go-client/v3/cerberus/secret.go:35.61,37.2 1 0
github.com/Nike-Inc/cerberus-go-client/v3/cerberus/secret.go:40.59,42.2 1 0
github.com/Nike-Inc/cerberus-go-client/v3/cerberus/secret.go:45.59,47.2 1 0
github.com/Nike-Inc/cerberus-go-client/v3/cerberus/secret.go:50.89,52.2 1 0
github.com/Nike-Inc/cerberus-go-client/v3/cerberus/securefile.go:39.78,47.17 2 3
github.com/Nike-Inc/cerberus-go-client/v3/cerberus/securefile.go:50.2,50.16 1 3
github.com/Nike-Inc/cerberus-go-client/v3/cerberus/securefile.go:54.2,54.38 1 2
github.com/Nike-Inc/cerberus-go-client/v3/cerberus/securefile.go:58.2,61.16 3 1
github.com/Nike-Inc/cerberus-go-client/v3/cerberus/securefile.go:64.2,64.17 1 1
github.com/Nike-Inc/cerberus-go-client/v3/cerberus/securefile.go:47.17,49.3 1 2
github.com/Nike-Inc/cerberus-go-client/v3/cerberus/securefile.go:50.16,52.3 1 1
github.com/Nike-Inc/cerberus-go-client/v3/cerberus/securefile.go:54.38,57.3 1 1
github.com/Nike-Inc/cerberus-go-client/v3/cerberus/securefile.go:61.16,63.3 1 0
github.com/Nike-Inc/cerberus-go-client/v3/cerberus/securefile.go:68.73,73.17 2 3
github.com/Nike-Inc/cerberus-go-client/v3/cerberus/securefile.go:76.2,76.16 1 3
github.com/Nike-Inc/cerberus-go-client/v3/cerberus/securefile.go:80.2,80.38 1 2
github.com/Nike-Inc/cerberus-go-client/v3/cerberus/securefile.go:87.2,88.16 2 1
github.com/Nike-Inc/cerberus-go-client/v3/cerberus/securefile.go:92.2,92.12 1 1
github.com/Nike-Inc/cerberus-go-client/v3/cerberus/securefile.go:73.17,75.3 1 2
github.com/Nike-Inc/cerberus-go-client/v3/cerberus/securefile.go:76.16,78.3 1 1
github.com/Nike-Inc/cerberus-go-client/v3/cerberus/securefile.go:80.38,84.3 1 1
github.com/Nike-Inc/cerberus-go-client/v3/cerberus/securefile.go:88.16,90.3 1 0
github.com/Nike-Inc/cerberus-go-client/v3/cerberus/securefile.go:96.91,102.16 4 3
github.com/Nike-Inc/cerberus-go-client/v3/cerberus/securefile.go:106.2,106.48 1 3
github.com/Nike-Inc/cerberus-go-client/v3/cerberus/securefile.go:111.2,114.34 2 3
github.com/Nike-Inc/cerberus-go-client/v3/cerberus/securefile.go:118.2,118.29 1 3
github.com/Nike-Inc/cerberus-go-client/v3/cerberus/securefile.go:102.16,104.3 1 0
github.com/Nike-Inc/cerberus-go-client/v3/cerberus/securefile.go:106.48,108.3 1 0
github.com/Nike-Inc/cerberus-go-client/v3/cerberus/securefile.go:114.34,116.3 1 0
github.com/Nike-Inc/cerberus-go-client/v3/cerberus/securefile.go:122.89,125.16 2 3
github.com/Nike-Inc/cerberus-go-client/v3/cerberus/securefile.go:130.2,135.17 2 3
github.com/Nike-Inc/cerberus-go-client/v3/cerberus/securefile.go:138.2,138.16 1 3
github.com/Nike-Inc/cerberus-go-client/v3/cerberus/securefile.go:143.2,143.45 1 2
github.com/Nike-Inc/cerberus-go-client/v3/cerberus/securefile.go:149.2,149.12 1 1
github.com/Nike-Inc/cerberus-go-client/v3/cerberus/securefile.go:125.16,127.3 1 0
github.com/Nike-Inc/cerberus-go-client/v3/cerberus/securefile.go:135.17,137.3 1 2
github.com/Nike-Inc/cerberus-go-client/v3/cerberus/securefile.go:138.16,140.3 1 1
github.com/Nike-Inc/cerberus-go-client/v3/cerberus/securefile.go:143.45,147.3 1 1
github.com/Nike-Inc/cerberus-go-client/v3/cerberus/category.go:34.52,36.17 2 3
github.com/Nike-Inc/cerberus-go-client/v3/cerberus/category.go:39.2,39.16 1 3
github.com/Nike-Inc/cerberus-go-client/v3/cerberus/category.go:43.2,43.38 1 2
github.com/Nike-Inc/cerberus-go-client/v3/cerberus/category.go:46.2,48.16 3 1
github.com/Nike-Inc/cerberus-go-client/v3/cerberus/category.go:51.2,51.26 1 1
github.com/Nike-Inc/cerberus-go-client/v3/cerberus/category.go:36.17,38.3 1 2
github.com/Nike-Inc/cerberus-go-client/v3/cerberus/category.go:39.16,41.3 1 1
github.com/Nike-Inc/cerberus-go-client/v3/cerberus/category.go:43.38,45.3 1 1
github.com/Nike-Inc/cerberus-go-client/v3/cerberus/category.go:48.16,50.3 1 0
github.com/Nike-Inc/cerberus-go-client/v3/cerberus/cerberus.go:48.73,51.21 2 63
github.com/Nike-Inc/cerberus-go-client/v3/cerberus/cerberus.go:55.2,58.22 4 62
github.com/Nike-Inc/cerberus-go-client/v3/cerberus/cerberus.go:62.2,69.8 2 62
github.com/Nike-Inc/cerberus-go-client/v3/cerberus/cerberus.go:51.21,53.3 1 1
github.com/Nike-Inc/cerberus-go-client/v3/cerberus/cerberus.go:58.22,60.3 1 0
github.com/Nike-Inc/cerberus-go-client/v3/cerberus/cerberus.go:72.112,75.21 2 10
github.com/Nike-Inc/cerberus-go-client/v3/cerberus/cerberus.go:79.2,82.22 4 8
github.com/Nike-Inc/cerberus-go-client/v3/cerberus/cerberus.go:86.2,93.8 2 8
github.com/Nike-Inc/cerberus-go-client/v3/cerberus/cerberus.go:75.21,77.3 1 2
github.com/Nike-Inc/cerberus-go-client/v3/cerberus/cerberus.go:82.22,84.3 1 0
github.com/Nike-Inc/cerberus-go-client/v3/cerberus/cerberus.go:97.29,101.2 1 32
github.com/Nike-Inc/cerberus-go-client/v3/cerberus/cerberus.go:104.35,108.2 1 1
github.com/Nike-Inc/cerberus-go-client/v3/cerberus/cerberus.go:111.31,115.2 1 4
github.com/Nike-Inc/cerberus-go-client/v3/cerberus/cerberus.go:118.39,122.2 1 4
github.com/Nike-Inc/cerberus-go-client/v3/cerberus/cerberus.go:125.39,129.2 1 5
github.com/Nike-Inc/cerberus-go-client/v3/cerberus/cerberus.go:132.43,136.2 1 9
github.com/Nike-Inc/cerberus-go-client/v3/cerberus/cerberus.go:143.143,149.27 4 58
github.com/Nike-Inc/cerberus-go-client/v3/cerberus/cerberus.go:152.2,157.16 5 58
github.com/Nike-Inc/cerberus-go-client/v3/cerberus/cerberus.go:160.2,161.22 2 58
github.com/Nike-Inc/cerberus-go-client/v3/cerberus/cerberus.go:164.2,167.23 2 58
github.com/Nike-Inc/cerberus-go-client/v3/cerberus/cerberus.go:170.2,182.20 4 58
github.com/Nike-Inc/cerberus-go-client/v3/cerberus/cerberus.go:194.2,194.50 1 37
github.com/Nike-Inc/cerberus-go-client/v3/cerberus/cerberus.go:205.2,205.18 1 35
github.com/Nike-Inc/cerberus-go-client/v3/cerberus/cerberus.go:149.27,151.3 1 15
github.com/Nike-Inc/cerberus-go-client/v3/cerberus/cerberus.go:157.16,159.3 1 0
github.com/Nike-Inc/cerberus-go-client/v3/cerberus/cerberus.go:161.22,163.3 1 0
github.com/Nike-Inc/cerberus-go-client/v3/cerberus/cerberus.go:167.23,169.3 1 20
github.com/Nike-Inc/cerberus-go-client/v3/cerberus/cerberus.go:182.20,183.18 1 21
github.com/Nike-Inc/cerberus-go-client/v3/cerberus/cerberus.go:190.3,190.23 1 21
github.com/Nike-Inc/cerberus-go-client/v3/cerberus/cerberus.go:183.18,185.4 1 7
github.com/Nike-Inc/cerberus-go-client/v3/cerberus/cerberus.go:185.9,187.4 1 14
github.com/Nike-Inc/cerberus-go-client/v3/cerberus/cerberus.go:194.50,195.52 1 6
github.com/Nike-Inc/cerberus-go-client/v3/cerberus/cerberus.go:198.3,199.17 2 4
github.com/Nike-Inc/cerberus-go-client/v3/cerberus/cerberus.go:203.3,203.30 1 4
github.com/Nike-Inc/cerberus-go-client/v3/cerberus/cerberus.go:195.52,197.4 1 2
github.com/Nike-Inc/cerberus-go-client/v3/cerberus/cerberus.go:199.17,201.4 1 0
github.com/Nike-Inc/cerberus-go-client/v3/cerberus/cerberus.go:210.117,214.17 3 55
github.com/Nike-Inc/cerberus-go-client/v3/cerberus/cerberus.go:223.2,223.69 1 55
github.com/Nike-Inc/cerberus-go-client/v3/cerberus/cerberus.go:214.17,218.17 4 17
github.com/Nike-Inc/cerberus-go-client/v3/cerberus/cerberus.go:218.17,220.4 1 0
github.com/Nike-Inc/cerberus-go-client/v3/cerberus/cerberus.go:228.60,231.2 1 12
github.com/Nike-Inc/cerberus-go-client/v3/cerberus/metadata.go:41.75,43.21 1 4
github.com/Nike-Inc/cerberus-go-client/v3/cerberus/metadata.go:47.2,51.17 5 4
github.com/Nike-Inc/cerberus-go-client/v3/cerberus/metadata.go:54.2,54.16 1 4
github.com/Nike-Inc/cerberus-go-client/v3/cerberus/metadata.go:62.2,62.38 1 2
github.com/Nike-Inc/cerberus-go-client/v3/cerberus/metadata.go:65.2,67.16 3 1
github.com/Nike-Inc/cerberus-go-client/v3/cerberus/metadata.go:70.2,70.26 1 1
github.com/Nike-Inc/cerberus-go-client/v3/cerberus/metadata.go:43.21,45.3 1 4
github.com/Nike-Inc/cerberus-go-client/v3/cerberus/metadata.go:51.17,53.3 1 3
github.com/Nike-Inc/cerberus-go-client/v3/cerberus/metadata.go:54.16,56.62 1 2
github.com/Nike-Inc/cerberus-go-client/v3/cerberus/metadata.go:60.3,60.69 1 1
github.com/Nike-Inc/cerberus-go-client/v3/cerberus/metadata.go:56.62,59.4 1 1
github.com/Nike-Inc/cerberus-go-client/v3/cerberus/metadata.go:62.38,64.3 1 1
github.com/Nike-Inc/cerberus-go-client/v3/cerberus/metadata.go:67.16,69.3 1 0
github.com/Nike-Inc/cerberus-go-client/v3/cerberus/role.go:34.44,36.17 2 3
github.com/Nike-Inc/cerberus-go-client/v3/cerberus/role.go:39.2,39.16 1 3
github.com/Nike-Inc/cerberus-go-client/v3/cerberus/role.go:43.2,43.38 1 2
github.com/Nike-Inc/cerberus-go-client/v3/cerberus/role.go:46.2,48.16 3 1
github.com/Nike-Inc/cerberus-go-client/v3/cerberus/role.go:51.2,51.22 1 1
github.com/Nike-Inc/cerberus-go-client/v3/cerberus/role.go:36.17,38.3 1 2
github.com/Nike-Inc/cerberus-go-client/v3/cerberus/role.go:39.16,41.3 1 1
github.com/Nike-Inc/cerberus-go-client/v3/cerberus/role.go:43.38,45.3 1 1
github.com/Nike-Inc/cerberus-go-client/v3/cerberus/role.go:48.16,50.3 1 0
